2026-04-07 14:08:35,195 - easytorch-training - INFO - Initializing training.
2026-04-07 14:08:35,195 - easytorch-training - INFO - Set clip grad, param: {'max_norm': 5.0}
2026-04-07 14:08:35,195 - easytorch-training - INFO - Building training data loader.
2026-04-07 14:08:35,207 - easytorch-training - INFO - Train dataset length: 831
2026-04-07 14:08:36,216 - easytorch-training - INFO - Set optim: Adam (
Parameter Group 0
    amsgrad: False
    betas: (0.9, 0.999)
    capturable: False
    decoupled_weight_decay: False
    differentiable: False
    eps: 1e-08
    foreach: None
    fused: None
    lr: 0.001
    maximize: False
    weight_decay: 0.0001
)
2026-04-07 14:08:36,217 - easytorch-training - INFO - Set lr_scheduler: <torch.optim.lr_scheduler.MultiStepLR object at 0x719efffc40d0>
2026-04-07 14:08:36,217 - easytorch-training - INFO - Initializing validation.
2026-04-07 14:08:36,217 - easytorch-training - INFO - Building val data loader.
2026-04-07 14:08:36,226 - easytorch-training - INFO - Validation dataset length: 277
2026-04-07 14:08:36,235 - easytorch-training - INFO - Test dataset length: 277
2026-04-07 14:08:36,235 - easytorch-training - INFO - Number of parameters: 402152
2026-04-07 14:08:36,235 - easytorch-training - INFO - Epoch 1 / 50
2026-04-07 14:08:36,554 - easytorch-training - ERROR - Traceback (most recent call last):
  File "/home/user/anaconda3/envs/cai-FST/lib/python3.10/site-packages/easytorch/launcher/launcher.py", line 31, in training_func
    runner.train(cfg)
  File "/home/user/Downloads/cai/FaST-main-24_8/FaST-main/main-master/basicts/runners/base_epoch_runner.py", line 448, in train
    loss = self.train_iters(epoch, iter_index, data)
  File "/home/user/Downloads/cai/FaST-main-24_8/FaST-main/main-master/basicts/runners/base_tsf_runner.py", line 411, in train_iters
    forward_return = self.forward(
  File "/home/user/Downloads/cai/FaST-main-24_8/FaST-main/main-master/basicts/runners/runner_zoo/simple_tsf_runner.py", line 101, in forward
    model_return = self.model(history_data=history_data, future_data=future_data_4_dec,
  File "/home/user/anaconda3/envs/cai-FST/lib/python3.10/site-packages/torch/nn/modules/module.py", line 1776, in _wrapped_call_impl
    return self._call_impl(*args, **kwargs)
  File "/home/user/anaconda3/envs/cai-FST/lib/python3.10/site-packages/torch/nn/modules/module.py", line 1787, in _call_impl
    return forward_call(*args, **kwargs)
  File "/home/user/Downloads/cai/FaST-main-24_8/FaST-main/main-master/FaST/arch/fast_arch.py", line 256, in forward
    router = self.input_layer[0](raw, day_idx, week_idx, self.node_idx)
  File "/home/user/anaconda3/envs/cai-FST/lib/python3.10/site-packages/torch/nn/modules/module.py", line 1776, in _wrapped_call_impl
    return self._call_impl(*args, **kwargs)
  File "/home/user/anaconda3/envs/cai-FST/lib/python3.10/site-packages/torch/nn/modules/module.py", line 1787, in _call_impl
    return forward_call(*args, **kwargs)
  File "/home/user/Downloads/cai/FaST-main-24_8/FaST-main/main-master/FaST/arch/fast_arch.py", line 92, in forward
    router += self.adaptive_router_node(node_idx)
RuntimeError: The size of tensor a (160) must match the size of tensor b (161) at non-singleton dimension 1

