2026-04-02 09:25:23,923 - easytorch-training - INFO - Initializing training.
2026-04-02 09:25:23,923 - easytorch-training - INFO - Set clip grad, param: {'max_norm': 5.0}
2026-04-02 09:25:23,923 - easytorch-training - INFO - Building training data loader.
2026-04-02 09:25:23,958 - easytorch-training - INFO - Train dataset length: 1074
2026-04-02 09:25:24,820 - easytorch-training - INFO - Set optim: Adam (
Parameter Group 0
    amsgrad: False
    betas: (0.9, 0.999)
    capturable: False
    decoupled_weight_decay: False
    differentiable: False
    eps: 1e-08
    foreach: None
    fused: None
    lr: 0.001
    maximize: False
    weight_decay: 0.0001
)
2026-04-02 09:25:24,820 - easytorch-training - INFO - Set lr_scheduler: <torch.optim.lr_scheduler.MultiStepLR object at 0x75cb3a3d00d0>
2026-04-02 09:25:24,820 - easytorch-training - INFO - Initializing validation.
2026-04-02 09:25:24,821 - easytorch-training - INFO - Building val data loader.
2026-04-02 09:25:24,852 - easytorch-training - ERROR - Traceback (most recent call last):
  File "/home/user/anaconda3/envs/cai-FST/lib/python3.10/site-packages/easytorch/launcher/launcher.py", line 31, in training_func
    runner.train(cfg)
  File "/home/user/Downloads/cai/FaST-main-24_8/FaST-main/main-master/basicts/runners/base_epoch_runner.py", line 418, in train
    self.init_training(cfg)
  File "/home/user/Downloads/cai/FaST-main-24_8/FaST-main/main-master/basicts/runners/base_tsf_runner.py", line 159, in init_training
    super().init_training(cfg)
  File "/home/user/Downloads/cai/FaST-main-24_8/FaST-main/main-master/basicts/runners/base_epoch_runner.py", line 355, in init_training
    self.init_validation(cfg)
  File "/home/user/Downloads/cai/FaST-main-24_8/FaST-main/main-master/basicts/runners/base_tsf_runner.py", line 173, in init_validation
    super().init_validation(cfg)
  File "/home/user/anaconda3/envs/cai-FST/lib/python3.10/site-packages/easytorch/utils/dist.py", line 102, in wrapper
    return func(*args, **kwargs)
  File "/home/user/Downloads/cai/FaST-main-24_8/FaST-main/main-master/basicts/runners/base_epoch_runner.py", line 370, in init_validation
    self.val_data_loader = self.build_val_data_loader(cfg)
  File "/home/user/Downloads/cai/FaST-main-24_8/FaST-main/main-master/basicts/runners/base_epoch_runner.py", line 266, in build_val_data_loader
    dataset = self.build_val_dataset(cfg)
  File "/home/user/Downloads/cai/FaST-main-24_8/FaST-main/main-master/basicts/runners/base_tsf_runner.py", line 269, in build_val_dataset
    dataset = cfg["DATASET"]["TYPE"](
  File "/home/user/Downloads/cai/FaST-main-24_8/FaST-main/main-master/basicts/data/simple_tsf_dataset.py", line 234, in __init__
    self.data = self._load_data()
  File "/home/user/Downloads/cai/FaST-main-24_8/FaST-main/main-master/basicts/data/simple_tsf_dataset.py", line 266, in _load_data
    return data[val_idx[0] - self.output_len - self.input_len + 1 : val_idx[-1] + 1].copy()
IndexError: index 0 is out of bounds for axis 0 with size 0

