2026-04-02 11:27:01,100 - easytorch-training - INFO - Initializing training.
2026-04-02 11:27:01,100 - easytorch-training - INFO - Set clip grad, param: {'max_norm': 5.0}
2026-04-02 11:27:01,100 - easytorch-training - INFO - Building training data loader.
2026-04-02 11:27:01,134 - easytorch-training - INFO - Train dataset length: 859
2026-04-02 11:27:02,006 - easytorch-training - INFO - Set optim: Adam (
Parameter Group 0
    amsgrad: False
    betas: (0.9, 0.999)
    capturable: False
    decoupled_weight_decay: False
    differentiable: False
    eps: 1e-08
    foreach: None
    fused: None
    lr: 0.001
    maximize: False
    weight_decay: 0.0001
)
2026-04-02 11:27:02,006 - easytorch-training - INFO - Set lr_scheduler: <torch.optim.lr_scheduler.MultiStepLR object at 0x7804c7bc40d0>
2026-04-02 11:27:02,006 - easytorch-training - INFO - Initializing validation.
2026-04-02 11:27:02,006 - easytorch-training - INFO - Building val data loader.
2026-04-02 11:27:02,037 - easytorch-training - INFO - Validation dataset length: 286
2026-04-02 11:27:02,068 - easytorch-training - INFO - Test dataset length: 288
2026-04-02 11:27:02,068 - easytorch-training - INFO - Number of parameters: 435272
2026-04-02 11:27:02,068 - easytorch-training - INFO - Epoch 1 / 50
2026-04-02 11:27:04,167 - easytorch-training - INFO - Result <train>: [train/time: 2.10 (s), train/lr: 1.00e-03, train/loss: 0.0722, train/MAE: 0.2114, train/RMSE: 0.4468, train/MAPE: 1.4255]
2026-04-02 11:27:04,167 - easytorch-training - INFO - Start validation.
2026-04-02 11:27:04,675 - easytorch-training - INFO - Result <val>: [val/time: 0.51 (s), val/loss: 0.0299, val/MAE: 0.1247, val/RMSE: 0.2695, val/MAPE: 0.8834]
2026-04-02 11:27:04,695 - easytorch-training - INFO - Checkpoint checkpoints/FaST/HNGS_512_50_24_8/93bcc7fd7df0a188ae3f5bceb16153ce/FaST_best_val_MAE.pt saved
2026-04-02 11:27:04,711 - easytorch-training - INFO - Checkpoint checkpoints/FaST/HNGS_512_50_24_8/93bcc7fd7df0a188ae3f5bceb16153ce/FaST_01.pt saved
2026-04-02 11:27:04,711 - easytorch-training - INFO - The estimated training finish time is 2026-04-02 11:29:14
2026-04-02 11:27:04,711 - easytorch-training - INFO - Epoch 2 / 50
2026-04-02 11:27:06,155 - easytorch-training - INFO - Result <train>: [train/time: 1.44 (s), train/lr: 1.00e-03, train/loss: 0.0406, train/MAE: 0.1432, train/RMSE: 0.3313, train/MAPE: 0.9967]
2026-04-02 11:27:06,155 - easytorch-training - INFO - Start validation.
2026-04-02 11:27:06,553 - easytorch-training - INFO - Result <val>: [val/time: 0.40 (s), val/loss: 0.0241, val/MAE: 0.1127, val/RMSE: 0.2380, val/MAPE: 0.8196]
2026-04-02 11:27:06,577 - easytorch-training - INFO - Checkpoint checkpoints/FaST/HNGS_512_50_24_8/93bcc7fd7df0a188ae3f5bceb16153ce/FaST_best_val_MAE.pt saved
2026-04-02 11:27:06,590 - easytorch-training - INFO - Checkpoint checkpoints/FaST/HNGS_512_50_24_8/93bcc7fd7df0a188ae3f5bceb16153ce/FaST_02.pt saved
2026-04-02 11:27:06,590 - easytorch-training - INFO - The estimated training finish time is 2026-04-02 11:28:55
2026-04-02 11:27:06,591 - easytorch-training - INFO - Epoch 3 / 50
2026-04-02 11:27:07,824 - easytorch-training - INFO - Result <train>: [train/time: 1.23 (s), train/lr: 1.00e-03, train/loss: 0.0349, train/MAE: 0.1314, train/RMSE: 0.3044, train/MAPE: 0.9311]
2026-04-02 11:27:07,824 - easytorch-training - INFO - Start validation.
2026-04-02 11:27:08,275 - easytorch-training - INFO - Result <val>: [val/time: 0.45 (s), val/loss: 0.0215, val/MAE: 0.1068, val/RMSE: 0.2204, val/MAPE: 0.8013]
2026-04-02 11:27:08,300 - easytorch-training - INFO - Checkpoint checkpoints/FaST/HNGS_512_50_24_8/93bcc7fd7df0a188ae3f5bceb16153ce/FaST_best_val_MAE.pt saved
2026-04-02 11:27:08,314 - easytorch-training - INFO - Checkpoint checkpoints/FaST/HNGS_512_50_24_8/93bcc7fd7df0a188ae3f5bceb16153ce/FaST_03.pt saved
2026-04-02 11:27:08,314 - easytorch-training - INFO - The estimated training finish time is 2026-04-02 11:28:46
2026-04-02 11:27:08,314 - easytorch-training - INFO - Epoch 4 / 50
2026-04-02 11:27:09,697 - easytorch-training - INFO - Result <train>: [train/time: 1.38 (s), train/lr: 1.00e-03, train/loss: 0.0316, train/MAE: 0.1253, train/RMSE: 0.2862, train/MAPE: 0.8993]
2026-04-02 11:27:09,698 - easytorch-training - INFO - Start validation.
2026-04-02 11:27:10,099 - easytorch-training - INFO - Result <val>: [val/time: 0.40 (s), val/loss: 0.0206, val/MAE: 0.1024, val/RMSE: 0.2169, val/MAPE: 0.7695]
2026-04-02 11:27:10,118 - easytorch-training - INFO - Checkpoint checkpoints/FaST/HNGS_512_50_24_8/93bcc7fd7df0a188ae3f5bceb16153ce/FaST_best_val_MAE.pt saved
2026-04-02 11:27:10,132 - easytorch-training - INFO - Checkpoint checkpoints/FaST/HNGS_512_50_24_8/93bcc7fd7df0a188ae3f5bceb16153ce/FaST_04.pt saved
2026-04-02 11:27:10,132 - easytorch-training - INFO - The estimated training finish time is 2026-04-02 11:28:42
2026-04-02 11:27:10,132 - easytorch-training - INFO - Epoch 5 / 50
2026-04-02 11:27:11,456 - easytorch-training - INFO - Result <train>: [train/time: 1.32 (s), train/lr: 1.00e-03, train/loss: 0.0300, train/MAE: 0.1223, train/RMSE: 0.2770, train/MAPE: 0.8848]
2026-04-02 11:27:11,456 - easytorch-training - INFO - Start validation.
2026-04-02 11:27:11,880 - easytorch-training - INFO - Result <val>: [val/time: 0.42 (s), val/loss: 0.0191, val/MAE: 0.1019, val/RMSE: 0.2053, val/MAPE: 0.7757]
2026-04-02 11:27:11,903 - easytorch-training - INFO - Checkpoint checkpoints/FaST/HNGS_512_50_24_8/93bcc7fd7df0a188ae3f5bceb16153ce/FaST_best_val_MAE.pt saved
2026-04-02 11:27:11,916 - easytorch-training - INFO - Checkpoint checkpoints/FaST/HNGS_512_50_24_8/93bcc7fd7df0a188ae3f5bceb16153ce/FaST_05.pt saved
2026-04-02 11:27:11,917 - easytorch-training - INFO - The estimated training finish time is 2026-04-02 11:28:40
2026-04-02 11:27:11,917 - easytorch-training - INFO - Epoch 6 / 50
2026-04-02 11:27:13,310 - easytorch-training - INFO - Result <train>: [train/time: 1.39 (s), train/lr: 1.00e-03, train/loss: 0.0287, train/MAE: 0.1193, train/RMSE: 0.2722, train/MAPE: 0.8677]
2026-04-02 11:27:13,310 - easytorch-training - INFO - Start validation.
2026-04-02 11:27:13,692 - easytorch-training - INFO - Result <val>: [val/time: 0.38 (s), val/loss: 0.0171, val/MAE: 0.0949, val/RMSE: 0.1943, val/MAPE: 0.7256]
2026-04-02 11:27:13,708 - easytorch-training - INFO - Checkpoint checkpoints/FaST/HNGS_512_50_24_8/93bcc7fd7df0a188ae3f5bceb16153ce/FaST_best_val_MAE.pt saved
2026-04-02 11:27:13,722 - easytorch-training - INFO - Checkpoint checkpoints/FaST/HNGS_512_50_24_8/93bcc7fd7df0a188ae3f5bceb16153ce/FaST_06.pt saved
2026-04-02 11:27:13,722 - easytorch-training - INFO - The estimated training finish time is 2026-04-02 11:28:39
2026-04-02 11:27:13,722 - easytorch-training - INFO - Epoch 7 / 50
2026-04-02 11:27:15,069 - easytorch-training - INFO - Result <train>: [train/time: 1.35 (s), train/lr: 1.00e-03, train/loss: 0.0278, train/MAE: 0.1177, train/RMSE: 0.2669, train/MAPE: 0.8613]
2026-04-02 11:27:15,069 - easytorch-training - INFO - Start validation.
2026-04-02 11:27:15,389 - easytorch-training - INFO - Result <val>: [val/time: 0.32 (s), val/loss: 0.0179, val/MAE: 0.0986, val/RMSE: 0.1992, val/MAPE: 0.7550]
2026-04-02 11:27:15,404 - easytorch-training - INFO - Checkpoint checkpoints/FaST/HNGS_512_50_24_8/93bcc7fd7df0a188ae3f5bceb16153ce/FaST_07.pt saved
2026-04-02 11:27:15,404 - easytorch-training - INFO - The estimated training finish time is 2026-04-02 11:28:37
2026-04-02 11:27:15,404 - easytorch-training - INFO - Epoch 8 / 50
2026-04-02 11:27:16,810 - easytorch-training - INFO - Result <train>: [train/time: 1.41 (s), train/lr: 1.00e-03, train/loss: 0.0270, train/MAE: 0.1165, train/RMSE: 0.2614, train/MAPE: 0.8534]
2026-04-02 11:27:16,810 - easytorch-training - INFO - Start validation.
2026-04-02 11:27:17,195 - easytorch-training - INFO - Result <val>: [val/time: 0.38 (s), val/loss: 0.0168, val/MAE: 0.0955, val/RMSE: 0.1919, val/MAPE: 0.7371]
2026-04-02 11:27:17,210 - easytorch-training - INFO - Checkpoint checkpoints/FaST/HNGS_512_50_24_8/93bcc7fd7df0a188ae3f5bceb16153ce/FaST_08.pt saved
2026-04-02 11:27:17,210 - easytorch-training - INFO - The estimated training finish time is 2026-04-02 11:28:36
2026-04-02 11:27:17,210 - easytorch-training - INFO - Epoch 9 / 50
2026-04-02 11:27:18,554 - easytorch-training - INFO - Result <train>: [train/time: 1.34 (s), train/lr: 1.00e-03, train/loss: 0.0267, train/MAE: 0.1158, train/RMSE: 0.2599, train/MAPE: 0.8503]
2026-04-02 11:27:18,554 - easytorch-training - INFO - Start validation.
2026-04-02 11:27:18,946 - easytorch-training - INFO - Result <val>: [val/time: 0.39 (s), val/loss: 0.0182, val/MAE: 0.0979, val/RMSE: 0.2026, val/MAPE: 0.7492]
2026-04-02 11:27:18,961 - easytorch-training - INFO - Checkpoint checkpoints/FaST/HNGS_512_50_24_8/93bcc7fd7df0a188ae3f5bceb16153ce/FaST_09.pt saved
2026-04-02 11:27:18,961 - easytorch-training - INFO - The estimated training finish time is 2026-04-02 11:28:35
2026-04-02 11:27:18,961 - easytorch-training - INFO - Epoch 10 / 50
2026-04-02 11:27:20,354 - easytorch-training - INFO - Result <train>: [train/time: 1.39 (s), train/lr: 1.00e-03, train/loss: 0.0262, train/MAE: 0.1149, train/RMSE: 0.2575, train/MAPE: 0.8459]
2026-04-02 11:27:20,354 - easytorch-training - INFO - Start validation.
2026-04-02 11:27:20,680 - easytorch-training - INFO - Result <val>: [val/time: 0.33 (s), val/loss: 0.0166, val/MAE: 0.0948, val/RMSE: 0.1911, val/MAPE: 0.7299]
2026-04-02 11:27:20,715 - easytorch-training - INFO - Checkpoint checkpoints/FaST/HNGS_512_50_24_8/93bcc7fd7df0a188ae3f5bceb16153ce/FaST_best_val_MAE.pt saved
2026-04-02 11:27:20,734 - easytorch-training - INFO - Checkpoint checkpoints/FaST/HNGS_512_50_24_8/93bcc7fd7df0a188ae3f5bceb16153ce/FaST_10.pt saved
2026-04-02 11:27:20,745 - easytorch-training - INFO - The estimated training finish time is 2026-04-02 11:28:35
2026-04-02 11:27:20,745 - easytorch-training - INFO - Epoch 11 / 50
2026-04-02 11:27:22,220 - easytorch-training - INFO - Result <train>: [train/time: 1.47 (s), train/lr: 5.00e-04, train/loss: 0.0248, train/MAE: 0.1113, train/RMSE: 0.2504, train/MAPE: 0.8229]
2026-04-02 11:27:22,221 - easytorch-training - INFO - Start validation.
2026-04-02 11:27:22,612 - easytorch-training - INFO - Result <val>: [val/time: 0.39 (s), val/loss: 0.0156, val/MAE: 0.0922, val/RMSE: 0.1848, val/MAPE: 0.7154]
2026-04-02 11:27:22,642 - easytorch-training - INFO - Checkpoint checkpoints/FaST/HNGS_512_50_24_8/93bcc7fd7df0a188ae3f5bceb16153ce/FaST_best_val_MAE.pt saved
2026-04-02 11:27:22,655 - easytorch-training - INFO - Checkpoint checkpoints/FaST/HNGS_512_50_24_8/93bcc7fd7df0a188ae3f5bceb16153ce/FaST_11.pt saved
2026-04-02 11:27:22,655 - easytorch-training - INFO - The estimated training finish time is 2026-04-02 11:28:35
2026-04-02 11:27:22,655 - easytorch-training - INFO - Epoch 12 / 50
2026-04-02 11:27:24,016 - easytorch-training - INFO - Result <train>: [train/time: 1.36 (s), train/lr: 5.00e-04, train/loss: 0.0245, train/MAE: 0.1107, train/RMSE: 0.2490, train/MAPE: 0.8231]
2026-04-02 11:27:24,016 - easytorch-training - INFO - Start validation.
2026-04-02 11:27:24,447 - easytorch-training - INFO - Result <val>: [val/time: 0.43 (s), val/loss: 0.0153, val/MAE: 0.0915, val/RMSE: 0.1826, val/MAPE: 0.7164]
2026-04-02 11:27:24,468 - easytorch-training - INFO - Checkpoint checkpoints/FaST/HNGS_512_50_24_8/93bcc7fd7df0a188ae3f5bceb16153ce/FaST_best_val_MAE.pt saved
2026-04-02 11:27:24,482 - easytorch-training - INFO - Checkpoint checkpoints/FaST/HNGS_512_50_24_8/93bcc7fd7df0a188ae3f5bceb16153ce/FaST_12.pt saved
2026-04-02 11:27:24,482 - easytorch-training - INFO - The estimated training finish time is 2026-04-02 11:28:35
2026-04-02 11:27:24,482 - easytorch-training - INFO - Epoch 13 / 50
2026-04-02 11:27:25,918 - easytorch-training - INFO - Result <train>: [train/time: 1.44 (s), train/lr: 5.00e-04, train/loss: 0.0243, train/MAE: 0.1095, train/RMSE: 0.2472, train/MAPE: 0.8129]
2026-04-02 11:27:25,918 - easytorch-training - INFO - Start validation.
2026-04-02 11:27:26,364 - easytorch-training - INFO - Result <val>: [val/time: 0.45 (s), val/loss: 0.0169, val/MAE: 0.0966, val/RMSE: 0.1938, val/MAPE: 0.7498]
2026-04-02 11:27:26,379 - easytorch-training - INFO - Checkpoint checkpoints/FaST/HNGS_512_50_24_8/93bcc7fd7df0a188ae3f5bceb16153ce/FaST_13.pt saved
2026-04-02 11:27:26,379 - easytorch-training - INFO - The estimated training finish time is 2026-04-02 11:28:35
2026-04-02 11:27:26,379 - easytorch-training - INFO - Epoch 14 / 50
2026-04-02 11:27:27,660 - easytorch-training - INFO - Result <train>: [train/time: 1.28 (s), train/lr: 5.00e-04, train/loss: 0.0241, train/MAE: 0.1100, train/RMSE: 0.2465, train/MAPE: 0.8190]
2026-04-02 11:27:27,660 - easytorch-training - INFO - Start validation.
2026-04-02 11:27:28,093 - easytorch-training - INFO - Result <val>: [val/time: 0.43 (s), val/loss: 0.0160, val/MAE: 0.0938, val/RMSE: 0.1870, val/MAPE: 0.7345]
2026-04-02 11:27:28,109 - easytorch-training - INFO - Checkpoint checkpoints/FaST/HNGS_512_50_24_8/93bcc7fd7df0a188ae3f5bceb16153ce/FaST_14.pt saved
2026-04-02 11:27:28,109 - easytorch-training - INFO - The estimated training finish time is 2026-04-02 11:28:35
2026-04-02 11:27:28,109 - easytorch-training - INFO - Epoch 15 / 50
2026-04-02 11:27:29,520 - easytorch-training - INFO - Result <train>: [train/time: 1.41 (s), train/lr: 5.00e-04, train/loss: 0.0239, train/MAE: 0.1090, train/RMSE: 0.2450, train/MAPE: 0.8131]
2026-04-02 11:27:29,520 - easytorch-training - INFO - Start validation.
2026-04-02 11:27:29,926 - easytorch-training - INFO - Result <val>: [val/time: 0.41 (s), val/loss: 0.0151, val/MAE: 0.0914, val/RMSE: 0.1819, val/MAPE: 0.7163]
2026-04-02 11:27:29,944 - easytorch-training - INFO - Checkpoint checkpoints/FaST/HNGS_512_50_24_8/93bcc7fd7df0a188ae3f5bceb16153ce/FaST_best_val_MAE.pt saved
2026-04-02 11:27:29,958 - easytorch-training - INFO - Checkpoint checkpoints/FaST/HNGS_512_50_24_8/93bcc7fd7df0a188ae3f5bceb16153ce/FaST_15.pt saved
2026-04-02 11:27:29,958 - easytorch-training - INFO - The estimated training finish time is 2026-04-02 11:28:35
2026-04-02 11:27:29,958 - easytorch-training - INFO - Epoch 16 / 50
2026-04-02 11:27:31,307 - easytorch-training - INFO - Result <train>: [train/time: 1.35 (s), train/lr: 5.00e-04, train/loss: 0.0235, train/MAE: 0.1084, train/RMSE: 0.2433, train/MAPE: 0.8101]
2026-04-02 11:27:31,308 - easytorch-training - INFO - Start validation.
2026-04-02 11:27:31,723 - easytorch-training - INFO - Result <val>: [val/time: 0.42 (s), val/loss: 0.0158, val/MAE: 0.0931, val/RMSE: 0.1857, val/MAPE: 0.7275]
2026-04-02 11:27:31,738 - easytorch-training - INFO - Checkpoint checkpoints/FaST/HNGS_512_50_24_8/93bcc7fd7df0a188ae3f5bceb16153ce/FaST_16.pt saved
2026-04-02 11:27:31,738 - easytorch-training - INFO - The estimated training finish time is 2026-04-02 11:28:34
2026-04-02 11:27:31,738 - easytorch-training - INFO - Epoch 17 / 50
2026-04-02 11:27:33,145 - easytorch-training - INFO - Result <train>: [train/time: 1.41 (s), train/lr: 5.00e-04, train/loss: 0.0234, train/MAE: 0.1083, train/RMSE: 0.2427, train/MAPE: 0.8097]
2026-04-02 11:27:33,146 - easytorch-training - INFO - Start validation.
2026-04-02 11:27:33,567 - easytorch-training - INFO - Result <val>: [val/time: 0.42 (s), val/loss: 0.0154, val/MAE: 0.0922, val/RMSE: 0.1836, val/MAPE: 0.7204]
2026-04-02 11:27:33,582 - easytorch-training - INFO - Checkpoint checkpoints/FaST/HNGS_512_50_24_8/93bcc7fd7df0a188ae3f5bceb16153ce/FaST_17.pt saved
2026-04-02 11:27:33,582 - easytorch-training - INFO - The estimated training finish time is 2026-04-02 11:28:34
2026-04-02 11:27:33,582 - easytorch-training - INFO - Epoch 18 / 50
2026-04-02 11:27:34,969 - easytorch-training - INFO - Result <train>: [train/time: 1.39 (s), train/lr: 5.00e-04, train/loss: 0.0231, train/MAE: 0.1079, train/RMSE: 0.2413, train/MAPE: 0.8083]
2026-04-02 11:27:34,969 - easytorch-training - INFO - Start validation.
2026-04-02 11:27:35,388 - easytorch-training - INFO - Result <val>: [val/time: 0.42 (s), val/loss: 0.0149, val/MAE: 0.0906, val/RMSE: 0.1800, val/MAPE: 0.7134]
2026-04-02 11:27:35,409 - easytorch-training - INFO - Checkpoint checkpoints/FaST/HNGS_512_50_24_8/93bcc7fd7df0a188ae3f5bceb16153ce/FaST_best_val_MAE.pt saved
2026-04-02 11:27:35,423 - easytorch-training - INFO - Checkpoint checkpoints/FaST/HNGS_512_50_24_8/93bcc7fd7df0a188ae3f5bceb16153ce/FaST_18.pt saved
2026-04-02 11:27:35,424 - easytorch-training - INFO - The estimated training finish time is 2026-04-02 11:28:34
2026-04-02 11:27:35,424 - easytorch-training - INFO - Epoch 19 / 50
2026-04-02 11:27:36,800 - easytorch-training - INFO - Result <train>: [train/time: 1.38 (s), train/lr: 5.00e-04, train/loss: 0.0231, train/MAE: 0.1076, train/RMSE: 0.2416, train/MAPE: 0.8059]
2026-04-02 11:27:36,800 - easytorch-training - INFO - Start validation.
2026-04-02 11:27:37,243 - easytorch-training - INFO - Result <val>: [val/time: 0.44 (s), val/loss: 0.0158, val/MAE: 0.0929, val/RMSE: 0.1871, val/MAPE: 0.7229]
2026-04-02 11:27:37,259 - easytorch-training - INFO - Checkpoint checkpoints/FaST/HNGS_512_50_24_8/93bcc7fd7df0a188ae3f5bceb16153ce/FaST_19.pt saved
2026-04-02 11:27:37,259 - easytorch-training - INFO - The estimated training finish time is 2026-04-02 11:28:34
2026-04-02 11:27:37,259 - easytorch-training - INFO - Epoch 20 / 50
2026-04-02 11:27:38,745 - easytorch-training - INFO - Result <train>: [train/time: 1.49 (s), train/lr: 5.00e-04, train/loss: 0.0231, train/MAE: 0.1075, train/RMSE: 0.2406, train/MAPE: 0.8044]
2026-04-02 11:27:38,745 - easytorch-training - INFO - Start validation.
2026-04-02 11:27:39,171 - easytorch-training - INFO - Result <val>: [val/time: 0.43 (s), val/loss: 0.0153, val/MAE: 0.0922, val/RMSE: 0.1824, val/MAPE: 0.7228]
2026-04-02 11:27:39,188 - easytorch-training - INFO - Checkpoint checkpoints/FaST/HNGS_512_50_24_8/93bcc7fd7df0a188ae3f5bceb16153ce/FaST_20.pt saved
2026-04-02 11:27:39,199 - easytorch-training - INFO - The estimated training finish time is 2026-04-02 11:28:34
2026-04-02 11:27:39,199 - easytorch-training - INFO - Epoch 21 / 50
2026-04-02 11:27:40,573 - easytorch-training - INFO - Result <train>: [train/time: 1.37 (s), train/lr: 2.50e-04, train/loss: 0.0225, train/MAE: 0.1060, train/RMSE: 0.2385, train/MAPE: 0.7967]
2026-04-02 11:27:40,573 - easytorch-training - INFO - Start validation.
2026-04-02 11:27:40,997 - easytorch-training - INFO - Result <val>: [val/time: 0.42 (s), val/loss: 0.0145, val/MAE: 0.0895, val/RMSE: 0.1779, val/MAPE: 0.7032]
2026-04-02 11:27:41,014 - easytorch-training - INFO - Checkpoint checkpoints/FaST/HNGS_512_50_24_8/93bcc7fd7df0a188ae3f5bceb16153ce/FaST_best_val_MAE.pt saved
2026-04-02 11:27:41,028 - easytorch-training - INFO - Checkpoint checkpoints/FaST/HNGS_512_50_24_8/93bcc7fd7df0a188ae3f5bceb16153ce/FaST_21.pt saved
2026-04-02 11:27:41,029 - easytorch-training - INFO - The estimated training finish time is 2026-04-02 11:28:34
2026-04-02 11:27:41,029 - easytorch-training - INFO - Epoch 22 / 50
2026-04-02 11:27:42,431 - easytorch-training - INFO - Result <train>: [train/time: 1.40 (s), train/lr: 2.50e-04, train/loss: 0.0223, train/MAE: 0.1054, train/RMSE: 0.2366, train/MAPE: 0.7933]
2026-04-02 11:27:42,431 - easytorch-training - INFO - Start validation.
2026-04-02 11:27:42,816 - easytorch-training - INFO - Result <val>: [val/time: 0.38 (s), val/loss: 0.0148, val/MAE: 0.0902, val/RMSE: 0.1801, val/MAPE: 0.7068]
2026-04-02 11:27:42,832 - easytorch-training - INFO - Checkpoint checkpoints/FaST/HNGS_512_50_24_8/93bcc7fd7df0a188ae3f5bceb16153ce/FaST_22.pt saved
2026-04-02 11:27:42,832 - easytorch-training - INFO - The estimated training finish time is 2026-04-02 11:28:34
2026-04-02 11:27:42,832 - easytorch-training - INFO - Epoch 23 / 50
2026-04-02 11:27:44,060 - easytorch-training - INFO - Result <train>: [train/time: 1.23 (s), train/lr: 2.50e-04, train/loss: 0.0222, train/MAE: 0.1049, train/RMSE: 0.2354, train/MAPE: 0.7902]
2026-04-02 11:27:44,060 - easytorch-training - INFO - Start validation.
2026-04-02 11:27:44,485 - easytorch-training - INFO - Result <val>: [val/time: 0.43 (s), val/loss: 0.0142, val/MAE: 0.0887, val/RMSE: 0.1757, val/MAPE: 0.7009]
2026-04-02 11:27:44,503 - easytorch-training - INFO - Checkpoint checkpoints/FaST/HNGS_512_50_24_8/93bcc7fd7df0a188ae3f5bceb16153ce/FaST_best_val_MAE.pt saved
2026-04-02 11:27:44,519 - easytorch-training - INFO - Checkpoint checkpoints/FaST/HNGS_512_50_24_8/93bcc7fd7df0a188ae3f5bceb16153ce/FaST_23.pt saved
2026-04-02 11:27:44,519 - easytorch-training - INFO - The estimated training finish time is 2026-04-02 11:28:34
2026-04-02 11:27:44,519 - easytorch-training - INFO - Epoch 24 / 50
2026-04-02 11:27:45,970 - easytorch-training - INFO - Result <train>: [train/time: 1.45 (s), train/lr: 2.50e-04, train/loss: 0.0221, train/MAE: 0.1049, train/RMSE: 0.2360, train/MAPE: 0.7913]
2026-04-02 11:27:45,971 - easytorch-training - INFO - Start validation.
2026-04-02 11:27:46,388 - easytorch-training - INFO - Result <val>: [val/time: 0.42 (s), val/loss: 0.0145, val/MAE: 0.0899, val/RMSE: 0.1774, val/MAPE: 0.7104]
2026-04-02 11:27:46,404 - easytorch-training - INFO - Checkpoint checkpoints/FaST/HNGS_512_50_24_8/93bcc7fd7df0a188ae3f5bceb16153ce/FaST_24.pt saved
2026-04-02 11:27:46,404 - easytorch-training - INFO - The estimated training finish time is 2026-04-02 11:28:34
2026-04-02 11:27:46,404 - easytorch-training - INFO - Epoch 25 / 50
2026-04-02 11:27:47,594 - easytorch-training - INFO - Result <train>: [train/time: 1.19 (s), train/lr: 2.50e-04, train/loss: 0.0221, train/MAE: 0.1049, train/RMSE: 0.2353, train/MAPE: 0.7922]
2026-04-02 11:27:47,594 - easytorch-training - INFO - Start validation.
2026-04-02 11:27:48,041 - easytorch-training - INFO - Result <val>: [val/time: 0.45 (s), val/loss: 0.0143, val/MAE: 0.0892, val/RMSE: 0.1760, val/MAPE: 0.7065]
2026-04-02 11:27:48,057 - easytorch-training - INFO - Checkpoint checkpoints/FaST/HNGS_512_50_24_8/93bcc7fd7df0a188ae3f5bceb16153ce/FaST_25.pt saved
2026-04-02 11:27:48,057 - easytorch-training - INFO - The estimated training finish time is 2026-04-02 11:28:34
2026-04-02 11:27:48,057 - easytorch-training - INFO - Epoch 26 / 50
2026-04-02 11:27:49,456 - easytorch-training - INFO - Result <train>: [train/time: 1.40 (s), train/lr: 2.50e-04, train/loss: 0.0220, train/MAE: 0.1044, train/RMSE: 0.2349, train/MAPE: 0.7882]
2026-04-02 11:27:49,457 - easytorch-training - INFO - Start validation.
2026-04-02 11:27:49,890 - easytorch-training - INFO - Result <val>: [val/time: 0.43 (s), val/loss: 0.0143, val/MAE: 0.0891, val/RMSE: 0.1767, val/MAPE: 0.7035]
2026-04-02 11:27:49,907 - easytorch-training - INFO - Checkpoint checkpoints/FaST/HNGS_512_50_24_8/93bcc7fd7df0a188ae3f5bceb16153ce/FaST_26.pt saved
2026-04-02 11:27:49,907 - easytorch-training - INFO - The estimated training finish time is 2026-04-02 11:28:34
2026-04-02 11:27:49,907 - easytorch-training - INFO - Epoch 27 / 50
2026-04-02 11:27:51,271 - easytorch-training - INFO - Result <train>: [train/time: 1.36 (s), train/lr: 2.50e-04, train/loss: 0.0218, train/MAE: 0.1042, train/RMSE: 0.2340, train/MAPE: 0.7871]
2026-04-02 11:27:51,271 - easytorch-training - INFO - Start validation.
2026-04-02 11:27:51,589 - easytorch-training - INFO - Result <val>: [val/time: 0.32 (s), val/loss: 0.0142, val/MAE: 0.0885, val/RMSE: 0.1756, val/MAPE: 0.7002]
2026-04-02 11:27:51,610 - easytorch-training - INFO - Checkpoint checkpoints/FaST/HNGS_512_50_24_8/93bcc7fd7df0a188ae3f5bceb16153ce/FaST_best_val_MAE.pt saved
2026-04-02 11:27:51,624 - easytorch-training - INFO - Checkpoint checkpoints/FaST/HNGS_512_50_24_8/93bcc7fd7df0a188ae3f5bceb16153ce/FaST_27.pt saved
2026-04-02 11:27:51,624 - easytorch-training - INFO - The estimated training finish time is 2026-04-02 11:28:33
2026-04-02 11:27:51,624 - easytorch-training - INFO - Epoch 28 / 50
2026-04-02 11:27:53,040 - easytorch-training - INFO - Result <train>: [train/time: 1.42 (s), train/lr: 2.50e-04, train/loss: 0.0217, train/MAE: 0.1040, train/RMSE: 0.2339, train/MAPE: 0.7856]
2026-04-02 11:27:53,040 - easytorch-training - INFO - Start validation.
2026-04-02 11:27:53,423 - easytorch-training - INFO - Result <val>: [val/time: 0.38 (s), val/loss: 0.0141, val/MAE: 0.0880, val/RMSE: 0.1750, val/MAPE: 0.6965]
2026-04-02 11:27:53,452 - easytorch-training - INFO - Checkpoint checkpoints/FaST/HNGS_512_50_24_8/93bcc7fd7df0a188ae3f5bceb16153ce/FaST_best_val_MAE.pt saved
2026-04-02 11:27:53,467 - easytorch-training - INFO - Checkpoint checkpoints/FaST/HNGS_512_50_24_8/93bcc7fd7df0a188ae3f5bceb16153ce/FaST_28.pt saved
2026-04-02 11:27:53,467 - easytorch-training - INFO - The estimated training finish time is 2026-04-02 11:28:33
2026-04-02 11:27:53,467 - easytorch-training - INFO - Epoch 29 / 50
2026-04-02 11:27:54,886 - easytorch-training - INFO - Result <train>: [train/time: 1.42 (s), train/lr: 2.50e-04, train/loss: 0.0217, train/MAE: 0.1040, train/RMSE: 0.2334, train/MAPE: 0.7864]
2026-04-02 11:27:54,886 - easytorch-training - INFO - Start validation.
2026-04-02 11:27:55,315 - easytorch-training - INFO - Result <val>: [val/time: 0.43 (s), val/loss: 0.0147, val/MAE: 0.0898, val/RMSE: 0.1793, val/MAPE: 0.7076]
2026-04-02 11:27:55,331 - easytorch-training - INFO - Checkpoint checkpoints/FaST/HNGS_512_50_24_8/93bcc7fd7df0a188ae3f5bceb16153ce/FaST_29.pt saved
2026-04-02 11:27:55,331 - easytorch-training - INFO - The estimated training finish time is 2026-04-02 11:28:33
2026-04-02 11:27:55,331 - easytorch-training - INFO - Epoch 30 / 50
2026-04-02 11:27:56,708 - easytorch-training - INFO - Result <train>: [train/time: 1.38 (s), train/lr: 2.50e-04, train/loss: 0.0218, train/MAE: 0.1042, train/RMSE: 0.2348, train/MAPE: 0.7871]
2026-04-02 11:27:56,708 - easytorch-training - INFO - Start validation.
2026-04-02 11:27:57,063 - easytorch-training - INFO - Result <val>: [val/time: 0.35 (s), val/loss: 0.0148, val/MAE: 0.0895, val/RMSE: 0.1799, val/MAPE: 0.7033]
2026-04-02 11:27:57,091 - easytorch-training - INFO - Checkpoint checkpoints/FaST/HNGS_512_50_24_8/93bcc7fd7df0a188ae3f5bceb16153ce/FaST_30.pt saved
2026-04-02 11:27:57,102 - easytorch-training - INFO - The estimated training finish time is 2026-04-02 11:28:33
2026-04-02 11:27:57,102 - easytorch-training - INFO - Epoch 31 / 50
2026-04-02 11:27:58,573 - easytorch-training - INFO - Result <train>: [train/time: 1.47 (s), train/lr: 1.25e-04, train/loss: 0.0214, train/MAE: 0.1034, train/RMSE: 0.2315, train/MAPE: 0.7818]
2026-04-02 11:27:58,573 - easytorch-training - INFO - Start validation.
2026-04-02 11:27:59,015 - easytorch-training - INFO - Result <val>: [val/time: 0.44 (s), val/loss: 0.0142, val/MAE: 0.0888, val/RMSE: 0.1754, val/MAPE: 0.7023]
2026-04-02 11:27:59,032 - easytorch-training - INFO - Checkpoint checkpoints/FaST/HNGS_512_50_24_8/93bcc7fd7df0a188ae3f5bceb16153ce/FaST_31.pt saved
2026-04-02 11:27:59,032 - easytorch-training - INFO - The estimated training finish time is 2026-04-02 11:28:33
2026-04-02 11:27:59,032 - easytorch-training - INFO - Epoch 32 / 50
2026-04-02 11:28:00,420 - easytorch-training - INFO - Result <train>: [train/time: 1.39 (s), train/lr: 1.25e-04, train/loss: 0.0213, train/MAE: 0.1033, train/RMSE: 0.2311, train/MAPE: 0.7823]
2026-04-02 11:28:00,421 - easytorch-training - INFO - Start validation.
2026-04-02 11:28:00,860 - easytorch-training - INFO - Result <val>: [val/time: 0.44 (s), val/loss: 0.0141, val/MAE: 0.0883, val/RMSE: 0.1754, val/MAPE: 0.6990]
2026-04-02 11:28:00,878 - easytorch-training - INFO - Checkpoint checkpoints/FaST/HNGS_512_50_24_8/93bcc7fd7df0a188ae3f5bceb16153ce/FaST_32.pt saved
2026-04-02 11:28:00,878 - easytorch-training - INFO - The estimated training finish time is 2026-04-02 11:28:33
2026-04-02 11:28:00,878 - easytorch-training - INFO - Epoch 33 / 50
2026-04-02 11:28:02,311 - easytorch-training - INFO - Result <train>: [train/time: 1.43 (s), train/lr: 1.25e-04, train/loss: 0.0212, train/MAE: 0.1029, train/RMSE: 0.2311, train/MAPE: 0.7787]
2026-04-02 11:28:02,311 - easytorch-training - INFO - Start validation.
2026-04-02 11:28:02,719 - easytorch-training - INFO - Result <val>: [val/time: 0.41 (s), val/loss: 0.0141, val/MAE: 0.0883, val/RMSE: 0.1754, val/MAPE: 0.6984]
2026-04-02 11:28:02,734 - easytorch-training - INFO - Checkpoint checkpoints/FaST/HNGS_512_50_24_8/93bcc7fd7df0a188ae3f5bceb16153ce/FaST_33.pt saved
2026-04-02 11:28:02,734 - easytorch-training - INFO - The estimated training finish time is 2026-04-02 11:28:33
2026-04-02 11:28:02,735 - easytorch-training - INFO - Epoch 34 / 50
2026-04-02 11:28:03,958 - easytorch-training - INFO - Result <train>: [train/time: 1.22 (s), train/lr: 1.25e-04, train/loss: 0.0212, train/MAE: 0.1030, train/RMSE: 0.2305, train/MAPE: 0.7801]
2026-04-02 11:28:03,958 - easytorch-training - INFO - Start validation.
2026-04-02 11:28:04,383 - easytorch-training - INFO - Result <val>: [val/time: 0.42 (s), val/loss: 0.0141, val/MAE: 0.0884, val/RMSE: 0.1749, val/MAPE: 0.7002]
2026-04-02 11:28:04,399 - easytorch-training - INFO - Checkpoint checkpoints/FaST/HNGS_512_50_24_8/93bcc7fd7df0a188ae3f5bceb16153ce/FaST_34.pt saved
2026-04-02 11:28:04,400 - easytorch-training - INFO - The estimated training finish time is 2026-04-02 11:28:33
2026-04-02 11:28:04,400 - easytorch-training - INFO - Epoch 35 / 50
2026-04-02 11:28:05,780 - easytorch-training - INFO - Result <train>: [train/time: 1.38 (s), train/lr: 1.25e-04, train/loss: 0.0212, train/MAE: 0.1028, train/RMSE: 0.2305, train/MAPE: 0.7785]
2026-04-02 11:28:05,780 - easytorch-training - INFO - Start validation.
2026-04-02 11:28:06,199 - easytorch-training - INFO - Result <val>: [val/time: 0.42 (s), val/loss: 0.0142, val/MAE: 0.0880, val/RMSE: 0.1758, val/MAPE: 0.6961]
2026-04-02 11:28:06,214 - easytorch-training - INFO - Checkpoint checkpoints/FaST/HNGS_512_50_24_8/93bcc7fd7df0a188ae3f5bceb16153ce/FaST_35.pt saved
2026-04-02 11:28:06,214 - easytorch-training - INFO - The estimated training finish time is 2026-04-02 11:28:33
2026-04-02 11:28:06,214 - easytorch-training - INFO - Epoch 36 / 50
2026-04-02 11:28:07,562 - easytorch-training - INFO - Result <train>: [train/time: 1.35 (s), train/lr: 1.25e-04, train/loss: 0.0212, train/MAE: 0.1029, train/RMSE: 0.2306, train/MAPE: 0.7791]
2026-04-02 11:28:07,562 - easytorch-training - INFO - Start validation.
2026-04-02 11:28:07,981 - easytorch-training - INFO - Result <val>: [val/time: 0.42 (s), val/loss: 0.0142, val/MAE: 0.0888, val/RMSE: 0.1762, val/MAPE: 0.7021]
2026-04-02 11:28:07,996 - easytorch-training - INFO - Checkpoint checkpoints/FaST/HNGS_512_50_24_8/93bcc7fd7df0a188ae3f5bceb16153ce/FaST_36.pt saved
2026-04-02 11:28:07,996 - easytorch-training - INFO - The estimated training finish time is 2026-04-02 11:28:33
2026-04-02 11:28:07,996 - easytorch-training - INFO - Epoch 37 / 50
2026-04-02 11:28:09,428 - easytorch-training - INFO - Result <train>: [train/time: 1.43 (s), train/lr: 1.25e-04, train/loss: 0.0212, train/MAE: 0.1028, train/RMSE: 0.2304, train/MAPE: 0.7792]
2026-04-02 11:28:09,428 - easytorch-training - INFO - Start validation.
2026-04-02 11:28:09,849 - easytorch-training - INFO - Result <val>: [val/time: 0.42 (s), val/loss: 0.0141, val/MAE: 0.0883, val/RMSE: 0.1753, val/MAPE: 0.6977]
2026-04-02 11:28:09,864 - easytorch-training - INFO - Checkpoint checkpoints/FaST/HNGS_512_50_24_8/93bcc7fd7df0a188ae3f5bceb16153ce/FaST_37.pt saved
2026-04-02 11:28:09,864 - easytorch-training - INFO - The estimated training finish time is 2026-04-02 11:28:33
2026-04-02 11:28:09,864 - easytorch-training - INFO - Epoch 38 / 50
2026-04-02 11:28:11,216 - easytorch-training - INFO - Result <train>: [train/time: 1.35 (s), train/lr: 1.25e-04, train/loss: 0.0211, train/MAE: 0.1027, train/RMSE: 0.2297, train/MAPE: 0.7789]
2026-04-02 11:28:11,216 - easytorch-training - INFO - Start validation.
2026-04-02 11:28:11,554 - easytorch-training - INFO - Result <val>: [val/time: 0.34 (s), val/loss: 0.0140, val/MAE: 0.0880, val/RMSE: 0.1745, val/MAPE: 0.6987]
2026-04-02 11:28:11,570 - easytorch-training - INFO - Checkpoint checkpoints/FaST/HNGS_512_50_24_8/93bcc7fd7df0a188ae3f5bceb16153ce/FaST_38.pt saved
2026-04-02 11:28:11,570 - easytorch-training - INFO - The estimated training finish time is 2026-04-02 11:28:33
2026-04-02 11:28:11,570 - easytorch-training - INFO - Epoch 39 / 50
2026-04-02 11:28:12,967 - easytorch-training - INFO - Result <train>: [train/time: 1.40 (s), train/lr: 1.25e-04, train/loss: 0.0212, train/MAE: 0.1027, train/RMSE: 0.2299, train/MAPE: 0.7789]
2026-04-02 11:28:12,967 - easytorch-training - INFO - Start validation.
2026-04-02 11:28:13,387 - easytorch-training - INFO - Result <val>: [val/time: 0.42 (s), val/loss: 0.0140, val/MAE: 0.0882, val/RMSE: 0.1742, val/MAPE: 0.6994]
2026-04-02 11:28:13,402 - easytorch-training - INFO - Checkpoint checkpoints/FaST/HNGS_512_50_24_8/93bcc7fd7df0a188ae3f5bceb16153ce/FaST_39.pt saved
2026-04-02 11:28:13,402 - easytorch-training - INFO - The estimated training finish time is 2026-04-02 11:28:33
2026-04-02 11:28:13,402 - easytorch-training - INFO - Epoch 40 / 50
2026-04-02 11:28:14,791 - easytorch-training - INFO - Result <train>: [train/time: 1.39 (s), train/lr: 1.25e-04, train/loss: 0.0211, train/MAE: 0.1025, train/RMSE: 0.2300, train/MAPE: 0.7771]
2026-04-02 11:28:14,791 - easytorch-training - INFO - Start validation.
2026-04-02 11:28:15,221 - easytorch-training - INFO - Result <val>: [val/time: 0.43 (s), val/loss: 0.0142, val/MAE: 0.0885, val/RMSE: 0.1758, val/MAPE: 0.6996]
2026-04-02 11:28:15,236 - easytorch-training - INFO - Checkpoint checkpoints/FaST/HNGS_512_50_24_8/93bcc7fd7df0a188ae3f5bceb16153ce/FaST_40.pt saved
2026-04-02 11:28:15,246 - easytorch-training - INFO - The estimated training finish time is 2026-04-02 11:28:33
2026-04-02 11:28:15,246 - easytorch-training - INFO - Epoch 41 / 50
2026-04-02 11:28:16,724 - easytorch-training - INFO - Result <train>: [train/time: 1.48 (s), train/lr: 6.25e-05, train/loss: 0.0210, train/MAE: 0.1023, train/RMSE: 0.2290, train/MAPE: 0.7760]
2026-04-02 11:28:16,724 - easytorch-training - INFO - Start validation.
2026-04-02 11:28:16,997 - easytorch-training - INFO - Result <val>: [val/time: 0.27 (s), val/loss: 0.0141, val/MAE: 0.0884, val/RMSE: 0.1749, val/MAPE: 0.6996]
2026-04-02 11:28:17,013 - easytorch-training - INFO - Checkpoint checkpoints/FaST/HNGS_512_50_24_8/93bcc7fd7df0a188ae3f5bceb16153ce/FaST_41.pt saved
2026-04-02 11:28:17,013 - easytorch-training - INFO - The estimated training finish time is 2026-04-02 11:28:33
2026-04-02 11:28:17,013 - easytorch-training - INFO - Epoch 42 / 50
2026-04-02 11:28:18,489 - easytorch-training - INFO - Result <train>: [train/time: 1.48 (s), train/lr: 6.25e-05, train/loss: 0.0209, train/MAE: 0.1023, train/RMSE: 0.2287, train/MAPE: 0.7762]
2026-04-02 11:28:18,489 - easytorch-training - INFO - Start validation.
2026-04-02 11:28:18,889 - easytorch-training - INFO - Result <val>: [val/time: 0.40 (s), val/loss: 0.0140, val/MAE: 0.0881, val/RMSE: 0.1746, val/MAPE: 0.6979]
2026-04-02 11:28:18,904 - easytorch-training - INFO - Checkpoint checkpoints/FaST/HNGS_512_50_24_8/93bcc7fd7df0a188ae3f5bceb16153ce/FaST_42.pt saved
2026-04-02 11:28:18,904 - easytorch-training - INFO - The estimated training finish time is 2026-04-02 11:28:33
2026-04-02 11:28:18,904 - easytorch-training - INFO - Epoch 43 / 50
2026-04-02 11:28:20,357 - easytorch-training - INFO - Result <train>: [train/time: 1.45 (s), train/lr: 6.25e-05, train/loss: 0.0210, train/MAE: 0.1021, train/RMSE: 0.2285, train/MAPE: 0.7745]
2026-04-02 11:28:20,357 - easytorch-training - INFO - Start validation.
2026-04-02 11:28:20,815 - easytorch-training - INFO - Result <val>: [val/time: 0.46 (s), val/loss: 0.0140, val/MAE: 0.0883, val/RMSE: 0.1747, val/MAPE: 0.6984]
2026-04-02 11:28:20,830 - easytorch-training - INFO - Checkpoint checkpoints/FaST/HNGS_512_50_24_8/93bcc7fd7df0a188ae3f5bceb16153ce/FaST_43.pt saved
2026-04-02 11:28:20,830 - easytorch-training - INFO - The estimated training finish time is 2026-04-02 11:28:33
2026-04-02 11:28:20,830 - easytorch-training - INFO - Epoch 44 / 50
2026-04-02 11:28:22,261 - easytorch-training - INFO - Result <train>: [train/time: 1.43 (s), train/lr: 6.25e-05, train/loss: 0.0209, train/MAE: 0.1022, train/RMSE: 0.2284, train/MAPE: 0.7763]
2026-04-02 11:28:22,262 - easytorch-training - INFO - Start validation.
2026-04-02 11:28:22,673 - easytorch-training - INFO - Result <val>: [val/time: 0.41 (s), val/loss: 0.0140, val/MAE: 0.0882, val/RMSE: 0.1749, val/MAPE: 0.6989]
2026-04-02 11:28:22,689 - easytorch-training - INFO - Checkpoint checkpoints/FaST/HNGS_512_50_24_8/93bcc7fd7df0a188ae3f5bceb16153ce/FaST_44.pt saved
2026-04-02 11:28:22,689 - easytorch-training - INFO - The estimated training finish time is 2026-04-02 11:28:33
2026-04-02 11:28:22,689 - easytorch-training - INFO - Epoch 45 / 50
2026-04-02 11:28:23,938 - easytorch-training - INFO - Result <train>: [train/time: 1.25 (s), train/lr: 6.25e-05, train/loss: 0.0209, train/MAE: 0.1021, train/RMSE: 0.2284, train/MAPE: 0.7749]
2026-04-02 11:28:23,938 - easytorch-training - INFO - Start validation.
2026-04-02 11:28:24,373 - easytorch-training - INFO - Result <val>: [val/time: 0.44 (s), val/loss: 0.0140, val/MAE: 0.0881, val/RMSE: 0.1746, val/MAPE: 0.6980]
2026-04-02 11:28:24,389 - easytorch-training - INFO - Checkpoint checkpoints/FaST/HNGS_512_50_24_8/93bcc7fd7df0a188ae3f5bceb16153ce/FaST_45.pt saved
2026-04-02 11:28:24,389 - easytorch-training - INFO - The estimated training finish time is 2026-04-02 11:28:33
2026-04-02 11:28:24,389 - easytorch-training - INFO - Epoch 46 / 50
2026-04-02 11:28:25,791 - easytorch-training - INFO - Result <train>: [train/time: 1.40 (s), train/lr: 6.25e-05, train/loss: 0.0208, train/MAE: 0.1021, train/RMSE: 0.2283, train/MAPE: 0.7754]
2026-04-02 11:28:25,792 - easytorch-training - INFO - Start validation.
2026-04-02 11:28:26,245 - easytorch-training - INFO - Result <val>: [val/time: 0.45 (s), val/loss: 0.0140, val/MAE: 0.0882, val/RMSE: 0.1749, val/MAPE: 0.6981]
2026-04-02 11:28:26,261 - easytorch-training - INFO - Checkpoint checkpoints/FaST/HNGS_512_50_24_8/93bcc7fd7df0a188ae3f5bceb16153ce/FaST_46.pt saved
2026-04-02 11:28:26,261 - easytorch-training - INFO - The estimated training finish time is 2026-04-02 11:28:33
2026-04-02 11:28:26,261 - easytorch-training - INFO - Epoch 47 / 50
2026-04-02 11:28:27,569 - easytorch-training - INFO - Result <train>: [train/time: 1.31 (s), train/lr: 6.25e-05, train/loss: 0.0208, train/MAE: 0.1019, train/RMSE: 0.2281, train/MAPE: 0.7732]
2026-04-02 11:28:27,569 - easytorch-training - INFO - Start validation.
2026-04-02 11:28:27,973 - easytorch-training - INFO - Result <val>: [val/time: 0.40 (s), val/loss: 0.0140, val/MAE: 0.0880, val/RMSE: 0.1742, val/MAPE: 0.6974]
2026-04-02 11:28:27,993 - easytorch-training - INFO - Checkpoint checkpoints/FaST/HNGS_512_50_24_8/93bcc7fd7df0a188ae3f5bceb16153ce/FaST_best_val_MAE.pt saved
2026-04-02 11:28:28,006 - easytorch-training - INFO - Checkpoint checkpoints/FaST/HNGS_512_50_24_8/93bcc7fd7df0a188ae3f5bceb16153ce/FaST_47.pt saved
2026-04-02 11:28:28,007 - easytorch-training - INFO - The estimated training finish time is 2026-04-02 11:28:33
2026-04-02 11:28:28,007 - easytorch-training - INFO - Epoch 48 / 50
2026-04-02 11:28:29,426 - easytorch-training - INFO - Result <train>: [train/time: 1.42 (s), train/lr: 6.25e-05, train/loss: 0.0208, train/MAE: 0.1020, train/RMSE: 0.2280, train/MAPE: 0.7746]
2026-04-02 11:28:29,426 - easytorch-training - INFO - Start validation.
2026-04-02 11:28:29,817 - easytorch-training - INFO - Result <val>: [val/time: 0.39 (s), val/loss: 0.0140, val/MAE: 0.0880, val/RMSE: 0.1746, val/MAPE: 0.6975]
2026-04-02 11:28:29,832 - easytorch-training - INFO - Checkpoint checkpoints/FaST/HNGS_512_50_24_8/93bcc7fd7df0a188ae3f5bceb16153ce/FaST_48.pt saved
2026-04-02 11:28:29,833 - easytorch-training - INFO - The estimated training finish time is 2026-04-02 11:28:33
2026-04-02 11:28:29,833 - easytorch-training - INFO - Epoch 49 / 50
2026-04-02 11:28:31,195 - easytorch-training - INFO - Result <train>: [train/time: 1.36 (s), train/lr: 6.25e-05, train/loss: 0.0208, train/MAE: 0.1019, train/RMSE: 0.2278, train/MAPE: 0.7735]
2026-04-02 11:28:31,195 - easytorch-training - INFO - Start validation.
2026-04-02 11:28:31,560 - easytorch-training - INFO - Result <val>: [val/time: 0.37 (s), val/loss: 0.0140, val/MAE: 0.0879, val/RMSE: 0.1743, val/MAPE: 0.6965]
2026-04-02 11:28:31,617 - easytorch-training - INFO - Checkpoint checkpoints/FaST/HNGS_512_50_24_8/93bcc7fd7df0a188ae3f5bceb16153ce/FaST_best_val_MAE.pt saved
2026-04-02 11:28:31,631 - easytorch-training - INFO - Checkpoint checkpoints/FaST/HNGS_512_50_24_8/93bcc7fd7df0a188ae3f5bceb16153ce/FaST_49.pt saved
2026-04-02 11:28:31,631 - easytorch-training - INFO - The estimated training finish time is 2026-04-02 11:28:33
2026-04-02 11:28:31,631 - easytorch-training - INFO - Epoch 50 / 50
2026-04-02 11:28:33,035 - easytorch-training - INFO - Result <train>: [train/time: 1.40 (s), train/lr: 6.25e-05, train/loss: 0.0208, train/MAE: 0.1019, train/RMSE: 0.2276, train/MAPE: 0.7742]
2026-04-02 11:28:33,035 - easytorch-training - INFO - Start validation.
2026-04-02 11:28:33,436 - easytorch-training - INFO - Result <val>: [val/time: 0.40 (s), val/loss: 0.0140, val/MAE: 0.0882, val/RMSE: 0.1746, val/MAPE: 0.6986]
2026-04-02 11:28:33,451 - easytorch-training - INFO - Checkpoint checkpoints/FaST/HNGS_512_50_24_8/93bcc7fd7df0a188ae3f5bceb16153ce/FaST_50.pt saved
2026-04-02 11:28:33,462 - easytorch-training - INFO - The training finished at 2026-04-02 11:28:33
2026-04-02 11:28:33,462 - easytorch-training - INFO - Evaluating the best model on the test set.
2026-04-02 11:28:33,462 - easytorch-training - INFO - Loading Checkpoint from 'checkpoints/FaST/HNGS_512_50_24_8/93bcc7fd7df0a188ae3f5bceb16153ce/FaST_best_val_MAE.pt'
2026-04-02 11:28:33,934 - easytorch-training - INFO - Result <test>: [test/time: 0.42 (s), test/loss: 0.0226, test/MAE: 0.1028, test/RMSE: 0.2505, test/MAPE: 0.7008]
2026-04-02 11:28:33,935 - easytorch-training - INFO - Test results saved to checkpoints/FaST/HNGS_512_50_24_8/93bcc7fd7df0a188ae3f5bceb16153ce/test_results.npz.
2026-04-02 11:28:33,935 - easytorch-training - INFO - Test metrics saved to checkpoints/FaST/HNGS_512_50_24_8/93bcc7fd7df0a188ae3f5bceb16153ce/test_metrics.json.
